<?xml version="1.0" encoding="UTF-8"?>
<testsuite name="practical1.NumberToolsTest" tests="2" skipped="0" failures="0" errors="0" timestamp="2022-10-04T23:57:32" hostname="LAPTOP-5UI5CEGH" time="0.016">
  <properties/>
  <testcase name="testParse" classname="practical1.NumberToolsTest" time="0.005"/>
  <testcase name="testComputeStatistic" classname="practical1.NumberToolsTest" time="0.011"/>
  <system-out><![CDATA[]]></system-out>
  <system-err><![CDATA[]]></system-err>
</testsuite>
